Tried to attach logging to file 'E:\Study\oldboy2\auto\app\log\雷电2.log' but an error occurred: EBUSY: resource busy or locked, unlink 'E:\Study\oldboy2\auto\app\log\雷电2.log'
[35m[Appium][39m Welcome to Appium v1.17.0
[35m[Appium][39m Non-default server args:
[35m[Appium][39m   address: 127.0.0.1
[35m[Appium][39m   port: 7002
[35m[Appium][39m   logFile: E:\Study\oldboy2\auto\app\log\雷电2.log
[35m[Appium][39m   udid: emulator-5558
[35m[Appium][39m Deprecated server args:
[35m[Appium][39m   [31m-U,--udid[39m => --default-capabilities '{"udid":"emulator-5558"}'
[35m[Appium][39m Default capabilities, which will be added to each request unless overridden by desired capabilities:
[35m[Appium][39m   udid: emulator-5558
[35m[Appium][39m Appium REST http interface listener started on 127.0.0.1:7002
[35m[HTTP][39m [37m-->[39m [37mPOST[39m [37m/wd/hub/session[39m
[35m[HTTP][39m [90m{"desiredCapabilities":{"unicodeKeyboard":true,"log_path":"E:\\Study\\oldboy2\\auto\\app\\log\\雷电2.log","appPackage":"com.tencent.mobileqq","udid":"emulator-5558","port":7002,"name":"雷电2","noReset":"True","resetKeyboard":true,"platformName":"Android","deviceName":"emulator-5558","ip":"127.0.0.1","appActivity":".activity.SplashActivity","platformVersion":"5.1.1"},"capabilities":{"firstMatch":[{"appium:appPackage":"com.tencent.mobileqq","appium:name":"雷电2","appium:log_path":"E:\\Study\\oldboy2\\auto\\app\\log\\雷电2.log","appium:udid":"emulator-5558","appium:deviceName":"emulator-5558","appium:noReset":"True","appium:port":7002,"appium:appActivity":".activity.SplashActivity","platformName":"Android","appium:resetKeyboard":true,"appium:ip":"127.0.0.1","appium:unicodeKeyboard":true,"appium:platformVersion":"5.1.1"}]}}[39m
[debug] [35m[W3C][39m Calling AppiumDriver.createSession() with args: [{"unicodeKeyboard":true,"log_path":"E:\\Study\\oldboy2\\auto\\app\\log\\雷电2.log","appPackage":"com.tencent.mobileqq","udid":"emulator-5558","port":7002,"name":"雷电2","noReset":"True","resetKeyboard":true,"platformName":"Android","deviceName":"emulator-5558","ip":"127.0.0.1","appActivity":".activity.SplashActivity","platformVersion":"5.1.1"},null,{"firstMatch":[{"appium:appPackage":"com.tencent.mobileqq","appium:name":"雷电2","appium:log_path":"E:\\Study\\oldboy2\\auto\\app\\log\\雷电2.log","appium:udid":"emulator-5558","appium:deviceName":"emulator-5558","appium:noReset":"True","appium:port":7002,"appium:appActivity":".activity.SplashActivity","platformName":"Android","appium:resetKeyboard":true,"appium:ip":"127.0.0.1","appium:unicodeKeyboard":true,"appium:platformVersion":"5.1.1"}]}]
[debug] [35m[BaseDriver][39m Event 'newSessionRequested' logged at 1587106434475 (14:53:54 GMT+0800 (GMT+08:00))
[35m[Appium][39m Could not parse W3C capabilities: 'noReset' must be of type boolean
[35m[Appium][39m Trying to fix W3C capabilities by merging them with JSONWP caps
[35m[BaseDriver][39m The following capabilities are not standard capabilities and should have an extension prefix:
[35m[BaseDriver][39m   appPackage
[35m[BaseDriver][39m   name
[35m[BaseDriver][39m   log_path
[35m[BaseDriver][39m   udid
[35m[BaseDriver][39m   deviceName
[35m[BaseDriver][39m   noReset
[35m[BaseDriver][39m   port
[35m[BaseDriver][39m   appActivity
[35m[BaseDriver][39m   resetKeyboard
[35m[BaseDriver][39m   ip
[35m[BaseDriver][39m   unicodeKeyboard
[35m[BaseDriver][39m   platformVersion
[35m[Appium][39m Could not parse fixed W3C capabilities: 'noReset' must be of type boolean. Falling back to JSONWP protocol
[35m[Appium][39m 

[35m[Appium][39m ======================================================================

[35m[Appium][39m   DEPRECATION WARNING:

[35m[Appium][39m 

[35m[Appium][39m   The 'automationName' capability was not provided in the desired 
[35m[Appium][39m   capabilities for this Android session

[35m[Appium][39m 

[35m[Appium][39m   Setting 'automationName=UiAutomator2' by default and using the 
[35m[Appium][39m   UiAutomator2 Driver

[35m[Appium][39m 

[35m[Appium][39m   The next major version of Appium (2.x) will **require** the 
[35m[Appium][39m   'automationName' capability to be set for all sessions on all 
[35m[Appium][39m   platforms

[35m[Appium][39m 

[35m[Appium][39m   In previous versions (Appium <= 1.13.x), the default was 
[35m[Appium][39m   'automationName=UiAutomator1'

[35m[Appium][39m 

[35m[Appium][39m   If you wish to use that automation instead of UiAutomator2, please 
[35m[Appium][39m   add 'automationName=UiAutomator1' to your desired capabilities

[35m[Appium][39m 

[35m[Appium][39m   For more information about drivers, please visit 
[35m[Appium][39m   http://appium.io/docs/en/about-appium/intro/ and explore the 
[35m[Appium][39m   'Drivers' menu

[35m[Appium][39m 

[35m[Appium][39m ======================================================================

[35m[Appium][39m 
[35m[Appium][39m Appium v1.17.0 creating new AndroidUiautomator2Driver (v1.46.0) session
[debug] [35m[BaseDriver][39m Creating session with MJSONWP desired capabilities: {
[debug] [35m[BaseDriver][39m   "udid": "emulator-5558",
[debug] [35m[BaseDriver][39m   "unicodeKeyboard": true,
[debug] [35m[BaseDriver][39m   "log_path": "E:\\Study\\oldboy2\\auto\\app\\log\\雷电2.log",
[debug] [35m[BaseDriver][39m   "appPackage": "com.tencent.mobileqq",
[debug] [35m[BaseDriver][39m   "port": 7002,
[debug] [35m[BaseDriver][39m   "name": "雷电2",
[debug] [35m[BaseDriver][39m   "noReset": "True",
[debug] [35m[BaseDriver][39m   "resetKeyboard": true,
[debug] [35m[BaseDriver][39m   "platformName": "Android",
[debug] [35m[BaseDriver][39m   "deviceName": "emulator-5558",
[debug] [35m[BaseDriver][39m   "ip": "127.0.0.1",
[debug] [35m[BaseDriver][39m   "appActivity": ".activity.SplashActivity",
[debug] [35m[BaseDriver][39m   "platformVersion": "5.1.1"
[debug] [35m[BaseDriver][39m }
[35m[BaseDriver][39m Capability 'noReset' changed from string to boolean. This may cause unexpected behavior
[35m[BaseDriver][39m The following capabilities were provided, but are not recognized by Appium:
[35m[BaseDriver][39m   log_path
[35m[BaseDriver][39m   port
[35m[BaseDriver][39m   name
[35m[BaseDriver][39m   ip
[35m[BaseDriver][39m Session created with session id: 2bfbe541-1962-4a69-bf32-645e0be1cb50
[35m[UiAutomator2][39m Starting 'com.tencent.mobileqq' directly on the device
[35m[ADB][39m Found 2 'build-tools' folders under 'E:\Automantic\win\android-sdk-windows' (newest first):
[35m[ADB][39m     E:/Automantic/win/android-sdk-windows/build-tools/29.0.3
[35m[ADB][39m     E:/Automantic/win/android-sdk-windows/build-tools/29.0.2
[35m[ADB][39m Using 'adb.exe' from 'E:\Automantic\win\android-sdk-windows\platform-tools\adb.exe'
[35m[AndroidDriver][39m Retrieving device list
[debug] [35m[ADB][39m Trying to find a connected android device
[debug] [35m[ADB][39m Getting connected devices...
[debug] [35m[ADB][39m Connected devices: [{"udid":"emulator-5556","state":"device"},{"udid":"emulator-5558","state":"device"}]
[35m[AndroidDriver][39m Using device: emulator-5558
[35m[ADB][39m Using 'adb.exe' from 'E:\Automantic\win\android-sdk-windows\platform-tools\adb.exe'
[debug] [35m[ADB][39m Setting device id to emulator-5558
[debug] [35m[ADB][39m Running 'E:\Automantic\win\android-sdk-windows\platform-tools\adb.exe -P 5037 -s emulator-5558 shell getprop ro.build.version.sdk'
[debug] [35m[ADB][39m Current device property 'ro.build.version.sdk': 22
[debug] [35m[ADB][39m Device API level: 22
[35m[AndroidDriver][39m No app sent in, not parsing package/activity
[debug] [35m[ADB][39m Running 'E:\Automantic\win\android-sdk-windows\platform-tools\adb.exe -P 5037 -s emulator-5558 wait-for-device'
[debug] [35m[ADB][39m Running 'E:\Automantic\win\android-sdk-windows\platform-tools\adb.exe -P 5037 -s emulator-5558 shell echo ping'
[debug] [35m[AndroidDriver][39m Pushing settings apk to device...
[debug] [35m[ADB][39m Getting install status for io.appium.settings
[debug] [35m[ADB][39m Running 'E:\Automantic\win\android-sdk-windows\platform-tools\adb.exe -P 5037 -s emulator-5558 shell dumpsys package io.appium.settings'
[debug] [35m[ADB][39m 'io.appium.settings' is installed
[debug] [35m[ADB][39m Getting package info for 'io.appium.settings'
[debug] [35m[ADB][39m Running 'E:\Automantic\win\android-sdk-windows\platform-tools\adb.exe -P 5037 -s emulator-5558 shell dumpsys package io.appium.settings'
[debug] [35m[ADB][39m The version name of the installed 'io.appium.settings' is greater or equal to the application version name ('3.1.0' >= '3.1.0')
[debug] [35m[ADB][39m There is no need to install/upgrade 'C:\Users\lenovo\AppData\Roaming\npm\node_modules\appium\node_modules\_io.appium.settings@3.1.0@io.appium.settings\apks\settings_apk-debug.apk'
[debug] [35m[ADB][39m Getting IDs of all 'io.appium.settings' processes
[debug] [35m[ADB][39m Using ps-based PID detection
[debug] [35m[ADB][39m Running 'E:\Automantic\win\android-sdk-windows\platform-tools\adb.exe -P 5037 -s emulator-5558 shell ps'
[debug] [35m[AndroidDriver][39m io.appium.settings is already running. There is no need to reset its permissions.
[debug] [35m[ADB][39m Running 'E:\Automantic\win\android-sdk-windows\platform-tools\adb.exe -P 5037 -s emulator-5558 shell settings put secure mock_location 1'
[debug] [35m[Logcat][39m Starting logcat capture
[debug] [35m[AndroidDriver][39m Enabling Unicode keyboard support
[debug] [35m[ADB][39m Running 'E:\Automantic\win\android-sdk-windows\platform-tools\adb.exe -P 5037 -s emulator-5558 shell settings get secure default_input_method'
[debug] [35m[AndroidDriver][39m Unsetting previous IME io.appium.settings/.UnicodeIME
[debug] [35m[AndroidDriver][39m Setting IME to 'io.appium.settings/.UnicodeIME'
[debug] [35m[ADB][39m Running 'E:\Automantic\win\android-sdk-windows\platform-tools\adb.exe -P 5037 -s emulator-5558 shell ime enable io.appium.settings/.UnicodeIME'
[debug] [35m[ADB][39m Running 'E:\Automantic\win\android-sdk-windows\platform-tools\adb.exe -P 5037 -s emulator-5558 shell ime set io.appium.settings/.UnicodeIME'
[debug] [35m[UiAutomator2][39m Forwarding UiAutomator2 Server port 6790 to 8202
[debug] [35m[ADB][39m Forwarding system: 8202 to device: 6790
[debug] [35m[ADB][39m Running 'E:\Automantic\win\android-sdk-windows\platform-tools\adb.exe -P 5037 -s emulator-5558 forward tcp\:8202 tcp\:6790'
[debug] [35m[ADB][39m Getting install status for io.appium.uiautomator2.server
[debug] [35m[ADB][39m Running 'E:\Automantic\win\android-sdk-windows\platform-tools\adb.exe -P 5037 -s emulator-5558 shell dumpsys package io.appium.uiautomator2.server'
[debug] [35m[ADB][39m 'io.appium.uiautomator2.server' is installed
[debug] [35m[ADB][39m Getting package info for 'io.appium.uiautomator2.server'
[debug] [35m[ADB][39m Running 'E:\Automantic\win\android-sdk-windows\platform-tools\adb.exe -P 5037 -s emulator-5558 shell dumpsys package io.appium.uiautomator2.server'
[debug] [35m[ADB][39m The version name of the installed 'io.appium.uiautomator2.server' is greater or equal to the application version name ('4.5.5' >= '4.5.5')
[debug] [35m[UiAutomator2][39m io.appium.uiautomator2.server installation state: sameVersionInstalled
[debug] [35m[ADB][39m Checking app cert for C:\Users\lenovo\AppData\Roaming\npm\node_modules\appium\node_modules\_appium-uiautomator2-server@4.5.5@appium-uiautomator2-server\apks\appium-uiautomator2-server-v4.5.5.apk
[35m[ADB][39m Using 'apksigner.jar' from 'E:\Automantic\win\android-sdk-windows\build-tools\29.0.3\lib\apksigner.jar'
[debug] [35m[ADB][39m Starting apksigner: 'C:\\Program Files\\Java\\jdk1.8.0_144\\bin\\java.exe' -Xmx1024M -Xss1m -jar E:\\Automantic\\win\\android-sdk-windows\\build-tools\\29.0.3\\lib\\apksigner.jar verify --print-certs C:\\Users\\lenovo\\AppData\\Roaming\\npm\\node_modules\\appium\\node_modules\\_appium-uiautomator2-server\@4.5.5\@appium-uiautomator2-server\\apks\\appium-uiautomator2-server-v4.5.5.apk
[debug] [35m[ADB][39m apksigner stdout: Signer #1 certificate DN: EMAILADDRESS=android@android.com, CN=Android, OU=Android, O=Android, L=Mountain View, ST=California, C=US

[debug] [35m[ADB][39m Signer #1 certificate SHA-256 digest: a40da80a59d170caa950cf15c18c454d47a39b26989d8b640ecd745ba71bf5dc

[debug] [35m[ADB][39m Signer #1 certificate SHA-1 digest: 61ed377e85d386a8dfee6b864bd85b0bfaa5af81

[debug] [35m[ADB][39m Signer #1 certificate MD5 digest: e89b158e4bcf988ebd09eb83f5378e87

[debug] [35m[ADB][39m 
[debug] [35m[ADB][39m 'C:\Users\lenovo\AppData\Roaming\npm\node_modules\appium\node_modules\_appium-uiautomator2-server@4.5.5@appium-uiautomator2-server\apks\appium-uiautomator2-server-v4.5.5.apk' is signed with the default certificate
[debug] [35m[ADB][39m Getting install status for io.appium.uiautomator2.server.test
[debug] [35m[ADB][39m Running 'E:\Automantic\win\android-sdk-windows\platform-tools\adb.exe -P 5037 -s emulator-5558 shell dumpsys package io.appium.uiautomator2.server.test'
[debug] [35m[ADB][39m 'io.appium.uiautomator2.server.test' is installed
[debug] [35m[ADB][39m Checking app cert for C:\Users\lenovo\AppData\Roaming\npm\node_modules\appium\node_modules\_appium-uiautomator2-server@4.5.5@appium-uiautomator2-server\apks\appium-uiautomator2-server-debug-androidTest.apk
[debug] [35m[ADB][39m Starting apksigner: 'C:\\Program Files\\Java\\jdk1.8.0_144\\bin\\java.exe' -Xmx1024M -Xss1m -jar E:\\Automantic\\win\\android-sdk-windows\\build-tools\\29.0.3\\lib\\apksigner.jar verify --print-certs C:\\Users\\lenovo\\AppData\\Roaming\\npm\\node_modules\\appium\\node_modules\\_appium-uiautomator2-server\@4.5.5\@appium-uiautomator2-server\\apks\\appium-uiautomator2-server-debug-androidTest.apk
[debug] [35m[ADB][39m apksigner stdout: Signer #1 certificate DN: EMAILADDRESS=android@android.com, CN=Android, OU=Android, O=Android, L=Mountain View, ST=California, C=US

[debug] [35m[ADB][39m Signer #1 certificate SHA-256 digest: a40da80a59d170caa950cf15c18c454d47a39b26989d8b640ecd745ba71bf5dc

[debug] [35m[ADB][39m Signer #1 certificate SHA-1 digest: 61ed377e85d386a8dfee6b864bd85b0bfaa5af81

[debug] [35m[ADB][39m Signer #1 certificate MD5 digest: e89b158e4bcf988ebd09eb83f5378e87

[debug] [35m[ADB][39m 
[debug] [35m[ADB][39m 'C:\Users\lenovo\AppData\Roaming\npm\node_modules\appium\node_modules\_appium-uiautomator2-server@4.5.5@appium-uiautomator2-server\apks\appium-uiautomator2-server-debug-androidTest.apk' is signed with the default certificate
[35m[UiAutomator2][39m Server packages are not going to be (re)installed
[debug] [35m[UiAutomator2][39m Waiting up to 30000ms for services to be available
[debug] [35m[ADB][39m Running 'E:\Automantic\win\android-sdk-windows\platform-tools\adb.exe -P 5037 -s emulator-5558 shell pm list instrumentation'
[debug] [35m[UiAutomator2][39m Instrumentation target 'io.appium.uiautomator2.server.test/androidx.test.runner.AndroidJUnitRunner' is available
[debug] [35m[UiAutomator2][39m No app capability. Assuming it is already on the device
[debug] [35m[UiAutomator2][39m Performing shallow cleanup of automation leftovers
[debug] [35m[UiAutomator2][39m No obsolete sessions have been detected (Error: socket hang up)
[debug] [35m[ADB][39m Running 'E:\Automantic\win\android-sdk-windows\platform-tools\adb.exe -P 5037 -s emulator-5558 shell am force-stop io.appium.uiautomator2.server.test'
[35m[UiAutomator2][39m Starting UIAutomator2 server 4.5.5
[35m[UiAutomator2][39m Using UIAutomator2 server from 'C:\Users\lenovo\AppData\Roaming\npm\node_modules\appium\node_modules\_appium-uiautomator2-server@4.5.5@appium-uiautomator2-server\apks\appium-uiautomator2-server-v4.5.5.apk' and test from 'C:\Users\lenovo\AppData\Roaming\npm\node_modules\appium\node_modules\_appium-uiautomator2-server@4.5.5@appium-uiautomator2-server\apks\appium-uiautomator2-server-debug-androidTest.apk'
[35m[UiAutomator2][39m Waiting up to 30000ms for UiAutomator2 to be online...
[debug] [35m[ADB][39m Creating ADB subprocess with args: ["-P",5037,"-s","emulator-5558","shell","am","instrument","-w","io.appium.uiautomator2.server.test/androidx.test.runner.AndroidJUnitRunner"]
[debug] [35m[Instrumentation][39m io.appium.uiautomator2.server.test.AppiumUiAutomator2Server:
[debug] [35m[WD Proxy][39m Matched '/status' to command name 'getStatus'
[debug] [35m[WD Proxy][39m Proxying [GET /status] to [GET http://127.0.0.1:8202/wd/hub/status] with no body
[35m[WD Proxy][39m Got response with unknown status: {"code":"ECONNRESET"}
[debug] [35m[WD Proxy][39m Matched '/status' to command name 'getStatus'
[debug] [35m[WD Proxy][39m Proxying [GET /status] to [GET http://127.0.0.1:8202/wd/hub/status] with no body
[debug] [35m[WD Proxy][39m Got response with status 200: {"sessionId":"None","value":{"ready":true,"message":"UiAutomator2 Server is ready to accept commands"}}
[debug] [35m[UiAutomator2][39m The initialization of the instrumentation process took 2059ms
[debug] [35m[WD Proxy][39m Matched '/session' to command name 'createSession'
[debug] [35m[WD Proxy][39m Proxying [POST /session] to [POST http://127.0.0.1:8202/wd/hub/session] with body: {"capabilities":{"firstMatch":[{"platform":"LINUX","webStorageEnabled":false,"takesScreenshot":true,"javascriptEnabled":true,"databaseEnabled":false,"networkConnectionEnabled":true,"locationContextEnabled":false,"warnings":{},"desired":{"udid":"emulator-5558","unicodeKeyboard":true,"log_path":"E:\\Study\\oldboy2\\auto\\app\\log\\雷电2.log","appPackage":"com.tencent.mobileqq","port":7002,"name":"雷电2","noReset":true,"resetKeyboard":true,"platformName":"Android","deviceName":"emulator-5558","ip":"127.0.0.1","appActivity":".activity.SplashActivity","platformVersion":"5.1.1"},"udid":"emulator-5558","unicodeKeyboard":true,"log_path":"E:\\Study\\oldboy2\\auto\\app\\log\\雷电2.log","appPackage":"com.tencent.mobileqq","port":7002,"name":"雷电2","noReset":true,"resetKeyboard":true,"platformName":"Android","deviceName":"emulator-5558","ip":"127.0.0.1","appActivity":".activity.SplashActivity","platformVersion":"5.1.1","deviceUDID":"emulator-5558"}],"alwaysMatch":{}}}
[debug] [35m[WD Proxy][39m Got response with status 200: {"sessionId":"92e144bb-6c95-45cb-8bf4-00b787f151a7","value":{"sessionId":"92e144bb-6c95-45cb-8bf4-00b787f151a7","capabilities":{"firstMatch":[{"platform":"LINUX","webStorageEnabled":false,"takesScreenshot":true,"javascriptEnabled":true,"databaseEnabled":false,"networkConnectionEnabled":true,"locationContextEnabled":false,"warnings":{},"desired":{"udid":"emulator-5558","unicodeKeyboard":true,"log_path":"E:\\Study\\oldboy2\\auto\\app\\log\\雷电2.log","appPackage":"com.tencent.mobileqq","port":7002,"name":"雷电2","noReset":true,"resetKeyboard":true,"platformName":"Android","deviceName":"emulator-5558","ip":"127.0.0.1","appActivity":".activity.SplashActivity","platformVersion":"5.1.1"},"udid":"emulator-5558","unicodeKeyboard":true,"log_path":"E:\\Study\\oldboy2\\auto\\app\\log\\雷电2.log","appPackage":"com.tencent.mobileqq","port":7002,"name":"雷电2","noReset":true,"resetKeyboard":true,"platformName":"Android","deviceName":"emulator-5558","ip":"127.0.0.1","appActivity":".activity.SplashActivity","platformVersion":"5.1...
[35m[WD Proxy][39m Determined the downstream protocol as 'W3C'
[debug] [35m[WD Proxy][39m Proxying [GET /appium/device/info] to [GET http://127.0.0.1:8202/wd/hub/session/92e144bb-6c95-45cb-8bf4-00b787f151a7/appium/device/info] with no body
[debug] [35m[WD Proxy][39m Got response with status 200: {"sessionId":"92e144bb-6c95-45cb-8bf4-00b787f151a7","value":{"androidId":"01207ce671dfa44c","manufacturer":"OPPO","model":"PCRT00","brand":"OPPO","apiVersion":"22","platformVersion":"5.1.1","carrierName":"CHINA MOBILE","realDisplaySize":"540x960","displayDensity":240,"networks":[{"type":1,"typeName":"WIFI","subtype":0,"subtypeName":"","isConnected":true,"detailedState":"CONNECTED","state":"CONNECTED","extraInfo":"\"tplink\"","isAvailable":true,"isFailover":false,"isRoaming":false,"capabilities":{"transportTypes":"TRANSPORT_WIFI","networkCapabilities":"NET_CAPABILITY_NOT_RESTRICTED,NET_CAPABILITY_NOT_VPN,NET_CAPABILITY_INTERNET,NET_CAPABILITY_TRUSTED","linkUpstreamBandwidthKbps":1048576,"linkDownBandwidthKbps":1048576,"signalStrength":null,"networkSpecifier":null,"SSID":null}}],"locale":"zh_CN","timeZone":"Asia\/Shanghai","bluetooth":{"state":"OFF"}}}
[debug] [35m[ADB][39m Running 'E:\Automantic\win\android-sdk-windows\platform-tools\adb.exe -P 5037 -s emulator-5558 shell dumpsys window'
[35m[AndroidDriver][39m Screen already unlocked, doing nothing
[35m[UiAutomator2][39m Starting 'com.tencent.mobileqq/.activity.SplashActivity and waiting for 'com.tencent.mobileqq/.activity.SplashActivity'
[debug] [35m[ADB][39m Running 'E:\Automantic\win\android-sdk-windows\platform-tools\adb.exe -P 5037 -s emulator-5558 shell am start -W -n com.tencent.mobileqq/.activity.SplashActivity -S -a android.intent.action.MAIN -c android.intent.category.LAUNCHER -f 0x10200000'
[debug] [35m[WD Proxy][39m Proxying [GET /appium/device/pixel_ratio] to [GET http://127.0.0.1:8202/wd/hub/session/92e144bb-6c95-45cb-8bf4-00b787f151a7/appium/device/pixel_ratio] with body: {}
[debug] [35m[WD Proxy][39m Got response with status 200: {"sessionId":"92e144bb-6c95-45cb-8bf4-00b787f151a7","value":1.5}
[debug] [35m[WD Proxy][39m Matched '/appium/device/system_bars' to command name 'getSystemBars'
[debug] [35m[WD Proxy][39m Proxying [GET /appium/device/system_bars] to [GET http://127.0.0.1:8202/wd/hub/session/92e144bb-6c95-45cb-8bf4-00b787f151a7/appium/device/system_bars] with body: {}
[debug] [35m[WD Proxy][39m Got response with status 200: {"sessionId":"92e144bb-6c95-45cb-8bf4-00b787f151a7","value":{"statusBar":38}}
[debug] [35m[WD Proxy][39m Matched '/window/current/size' to command name 'getWindowSize'
[debug] [35m[WD Proxy][39m Proxying [GET /window/current/size] to [GET http://127.0.0.1:8202/wd/hub/session/92e144bb-6c95-45cb-8bf4-00b787f151a7/window/current/size] with body: {}
[debug] [35m[WD Proxy][39m Got response with status 200: {"sessionId":"92e144bb-6c95-45cb-8bf4-00b787f151a7","value":{"height":960,"width":540}}
[35m[Appium][39m New AndroidUiautomator2Driver session created successfully, session 2bfbe541-1962-4a69-bf32-645e0be1cb50 added to master session list
[debug] [35m[BaseDriver][39m Event 'newSessionStarted' logged at 1587106444542 (14:54:04 GMT+0800 (GMT+08:00))
[debug] [35m[MJSONWP (2bfbe541)][39m Cached the protocol value 'MJSONWP' for the new session 2bfbe541-1962-4a69-bf32-645e0be1cb50
[debug] [35m[MJSONWP (2bfbe541)][39m Responding to client with driver.createSession() result: {"platform":"LINUX","webStorageEnabled":false,"takesScreenshot":true,"javascriptEnabled":true,"databaseEnabled":false,"networkConnectionEnabled":true,"locationContextEnabled":false,"warnings":{},"desired":{"udid":"emulator-5558","unicodeKeyboard":true,"log_path":"E:\\Study\\oldboy2\\auto\\app\\log\\雷电2.log","appPackage":"com.tencent.mobileqq","port":7002,"name":"雷电2","noReset":true,"resetKeyboard":true,"platformName":"Android","deviceName":"emulator-5558","ip":"127.0.0.1","appActivity":".activity.SplashActivity","platformVersion":"5.1.1"},"udid":"emulator-5558","unicodeKeyboard":true,"log_path":"E:\\Study\\oldboy2\\auto\\app\\log\\雷电2.log","appPackage":"com.tencent.mobileqq","port":7002,"name":"雷电2","noReset":true,"resetKeyboard":true,"platformName":"Android","deviceName":"emulator-5558","ip":"127.0.0.1","appActivity":".activity.SplashActivity","platformVersion":"5.1.1","deviceUDID":"emulator-5558","deviceApiLevel":22,"deviceScreenSize":"540x960","deviceScreenDensity":240,"deviceModel":"PCRT00","deviceManu...
[35m[HTTP][39m [37m<-- POST /wd/hub/session [39m[32m200[39m [90m10073 ms - 1222[39m
[35m[HTTP][39m [90m[39m
[35m[HTTP][39m [37m-->[39m [37mPOST[39m [37m/wd/hub/session/2bfbe541-1962-4a69-bf32-645e0be1cb50/element[39m
[35m[HTTP][39m [90m{"value":"new UiSelector().resourceId(\"com.tencent.mobileqq:id/btn_login\")","sessionId":"2bfbe541-1962-4a69-bf32-645e0be1cb50","using":"-android uiautomator"}[39m
[debug] [35m[MJSONWP (2bfbe541)][39m Calling AppiumDriver.findElement() with args: ["-android uiautomator","new UiSelector().resourceId(\"com.tencent.mobileqq:id/btn_login\")","2bfbe541-1962-4a69-bf32-645e0be1cb50"]
[debug] [35m[BaseDriver][39m Valid locator strategies for this request: xpath, id, class name, accessibility id, -android uiautomator
[debug] [35m[BaseDriver][39m Waiting up to 0 ms for condition
[debug] [35m[WD Proxy][39m Matched '/element' to command name 'findElement'
[debug] [35m[WD Proxy][39m Proxying [POST /element] to [POST http://127.0.0.1:8202/wd/hub/session/92e144bb-6c95-45cb-8bf4-00b787f151a7/element] with body: {"strategy":"-android uiautomator","selector":"new UiSelector().resourceId(\"com.tencent.mobileqq:id/btn_login\")","context":"","multiple":false}
[35m[WD Proxy][39m Got response with status 404: {"sessionId":"92e144bb-6c95-45cb-8bf4-00b787f151a7","value":{"error":"no such element","message":"An element could not be located on the page using the given search parameters","stacktrace":"io.appium.uiautomator2.common.exceptions.ElementNotFoundException: An element could not be located on the page using the given search parameters\n\tat io.appium.uiautomator2.handler.FindElement.safeHandle(FindElement.java:78)\n\tat io.appium.uiautomator2.handler.request.SafeRequestHandler.handle(SafeRequestHandler.java:38)\n\tat io.appium.uiautomator2.server.AppiumServlet.handleRequest(AppiumServlet.java:252)\n\tat io.appium.uiautomator2.server.AppiumServlet.handleHttpRequest(AppiumServlet.java:242)\n\tat io.appium.uiautomator2.http.ServerHandler.channelRead(ServerHandler.java:51)\n\tat io.netty.channel.AbstractChannelHandlerContext.invokeChannelRead(AbstractChannelHandlerContext.java:366)\n\tat io.netty.channel.AbstractChannelHandlerContext.invokeChannelRead(AbstractChannelHandlerContext.java:352)\n\tat io.netty.chann...
[debug] [35m[W3C][39m Matched W3C error code 'no such element' to NoSuchElementError
[debug] [35m[MJSONWP (2bfbe541)][39m Encountered internal error running command: NoSuchElementError: An element could not be located on the page using the given search parameters.
[debug] [35m[MJSONWP (2bfbe541)][39m     at AndroidUiautomator2Driver.findElOrEls (C:\Users\lenovo\AppData\Roaming\npm\node_modules\appium\node_modules\_appium-android-driver@4.27.0@appium-android-driver\lib\commands\find.js:75:11)
[35m[HTTP][39m [37m<-- POST /wd/hub/session/2bfbe541-1962-4a69-bf32-645e0be1cb50/element [39m[31m500[39m [90m972 ms - 164[39m
[35m[HTTP][39m [90m[39m
[35m[HTTP][39m [37m-->[39m [37mPOST[39m [37m/wd/hub/session/2bfbe541-1962-4a69-bf32-645e0be1cb50/element[39m
[35m[HTTP][39m [90m{"value":"new UiSelector().resourceId(\"com.tencent.mobileqq:id/btn_login\")","sessionId":"2bfbe541-1962-4a69-bf32-645e0be1cb50","using":"-android uiautomator"}[39m
[debug] [35m[MJSONWP (2bfbe541)][39m Calling AppiumDriver.findElement() with args: ["-android uiautomator","new UiSelector().resourceId(\"com.tencent.mobileqq:id/btn_login\")","2bfbe541-1962-4a69-bf32-645e0be1cb50"]
[debug] [35m[BaseDriver][39m Valid locator strategies for this request: xpath, id, class name, accessibility id, -android uiautomator
[debug] [35m[BaseDriver][39m Waiting up to 0 ms for condition
[debug] [35m[WD Proxy][39m Matched '/element' to command name 'findElement'
[debug] [35m[WD Proxy][39m Proxying [POST /element] to [POST http://127.0.0.1:8202/wd/hub/session/92e144bb-6c95-45cb-8bf4-00b787f151a7/element] with body: {"strategy":"-android uiautomator","selector":"new UiSelector().resourceId(\"com.tencent.mobileqq:id/btn_login\")","context":"","multiple":false}
[debug] [35m[WD Proxy][39m Got response with status 200: {"sessionId":"92e144bb-6c95-45cb-8bf4-00b787f151a7","value":{"ELEMENT":"3ce16a3d-4131-4db4-a0ea-c42a223434d1","element-6066-11e4-a52e-4f735466cecf":"3ce16a3d-4131-4db4-a0ea-c42a223434d1"}}
[debug] [35m[MJSONWP (2bfbe541)][39m Responding to client with driver.findElement() result: {"element-6066-11e4-a52e-4f735466cecf":"3ce16a3d-4131-4db4-a0ea-c42a223434d1","ELEMENT":"3ce16a3d-4131-4db4-a0ea-c42a223434d1"}
[35m[HTTP][39m [37m<-- POST /wd/hub/session/2bfbe541-1962-4a69-bf32-645e0be1cb50/element [39m[32m200[39m [90m27 ms - 199[39m
[35m[HTTP][39m [90m[39m
[35m[HTTP][39m [37m-->[39m [37mGET[39m [37m/wd/hub/session/2bfbe541-1962-4a69-bf32-645e0be1cb50/element/3ce16a3d-4131-4db4-a0ea-c42a223434d1/displayed[39m
[35m[HTTP][39m [90m{}[39m
[debug] [35m[MJSONWP (2bfbe541)][39m Calling AppiumDriver.elementDisplayed() with args: ["3ce16a3d-4131-4db4-a0ea-c42a223434d1","2bfbe541-1962-4a69-bf32-645e0be1cb50"]
[debug] [35m[WD Proxy][39m Matched '/element/3ce16a3d-4131-4db4-a0ea-c42a223434d1/attribute/displayed' to command name 'getAttribute'
[debug] [35m[WD Proxy][39m Proxying [GET /element/3ce16a3d-4131-4db4-a0ea-c42a223434d1/attribute/displayed] to [GET http://127.0.0.1:8202/wd/hub/session/92e144bb-6c95-45cb-8bf4-00b787f151a7/element/3ce16a3d-4131-4db4-a0ea-c42a223434d1/attribute/displayed] with body: {}
[debug] [35m[WD Proxy][39m Got response with status 200: {"sessionId":"92e144bb-6c95-45cb-8bf4-00b787f151a7","value":"true"}
[debug] [35m[MJSONWP (2bfbe541)][39m Responding to client with driver.elementDisplayed() result: true
[35m[HTTP][39m [37m<-- GET /wd/hub/session/2bfbe541-1962-4a69-bf32-645e0be1cb50/element/3ce16a3d-4131-4db4-a0ea-c42a223434d1/displayed [39m[32m200[39m [90m13 ms - 76[39m
[35m[HTTP][39m [90m[39m
[35m[HTTP][39m [37m-->[39m [37mGET[39m [37m/wd/hub/session/2bfbe541-1962-4a69-bf32-645e0be1cb50/element/3ce16a3d-4131-4db4-a0ea-c42a223434d1/enabled[39m
[35m[HTTP][39m [90m{}[39m
[debug] [35m[MJSONWP (2bfbe541)][39m Calling AppiumDriver.elementEnabled() with args: ["3ce16a3d-4131-4db4-a0ea-c42a223434d1","2bfbe541-1962-4a69-bf32-645e0be1cb50"]
[debug] [35m[WD Proxy][39m Matched '/element/3ce16a3d-4131-4db4-a0ea-c42a223434d1/attribute/enabled' to command name 'getAttribute'
[debug] [35m[WD Proxy][39m Proxying [GET /element/3ce16a3d-4131-4db4-a0ea-c42a223434d1/attribute/enabled] to [GET http://127.0.0.1:8202/wd/hub/session/92e144bb-6c95-45cb-8bf4-00b787f151a7/element/3ce16a3d-4131-4db4-a0ea-c42a223434d1/attribute/enabled] with body: {}
[debug] [35m[WD Proxy][39m Got response with status 200: {"sessionId":"92e144bb-6c95-45cb-8bf4-00b787f151a7","value":"true"}
[debug] [35m[MJSONWP (2bfbe541)][39m Responding to client with driver.elementEnabled() result: true
[35m[HTTP][39m [37m<-- GET /wd/hub/session/2bfbe541-1962-4a69-bf32-645e0be1cb50/element/3ce16a3d-4131-4db4-a0ea-c42a223434d1/enabled [39m[32m200[39m [90m8 ms - 76[39m
[35m[HTTP][39m [90m[39m
[35m[HTTP][39m [37m-->[39m [37mPOST[39m [37m/wd/hub/session/2bfbe541-1962-4a69-bf32-645e0be1cb50/element[39m
[35m[HTTP][39m [90m{"value":"new UiSelector().resourceId(\"com.tencent.mobileqq:id/btn_login\")","sessionId":"2bfbe541-1962-4a69-bf32-645e0be1cb50","using":"-android uiautomator"}[39m
[debug] [35m[MJSONWP (2bfbe541)][39m Calling AppiumDriver.findElement() with args: ["-android uiautomator","new UiSelector().resourceId(\"com.tencent.mobileqq:id/btn_login\")","2bfbe541-1962-4a69-bf32-645e0be1cb50"]
[debug] [35m[BaseDriver][39m Valid locator strategies for this request: xpath, id, class name, accessibility id, -android uiautomator
[debug] [35m[BaseDriver][39m Waiting up to 0 ms for condition
[debug] [35m[WD Proxy][39m Matched '/element' to command name 'findElement'
[debug] [35m[WD Proxy][39m Proxying [POST /element] to [POST http://127.0.0.1:8202/wd/hub/session/92e144bb-6c95-45cb-8bf4-00b787f151a7/element] with body: {"strategy":"-android uiautomator","selector":"new UiSelector().resourceId(\"com.tencent.mobileqq:id/btn_login\")","context":"","multiple":false}
[debug] [35m[WD Proxy][39m Got response with status 200: {"sessionId":"92e144bb-6c95-45cb-8bf4-00b787f151a7","value":{"ELEMENT":"db74d672-a74f-451d-94fc-19f9448ec016","element-6066-11e4-a52e-4f735466cecf":"db74d672-a74f-451d-94fc-19f9448ec016"}}
[debug] [35m[MJSONWP (2bfbe541)][39m Responding to client with driver.findElement() result: {"element-6066-11e4-a52e-4f735466cecf":"db74d672-a74f-451d-94fc-19f9448ec016","ELEMENT":"db74d672-a74f-451d-94fc-19f9448ec016"}
[35m[HTTP][39m [37m<-- POST /wd/hub/session/2bfbe541-1962-4a69-bf32-645e0be1cb50/element [39m[32m200[39m [90m8 ms - 199[39m
[35m[HTTP][39m [90m[39m
[35m[HTTP][39m [37m-->[39m [37mPOST[39m [37m/wd/hub/session/2bfbe541-1962-4a69-bf32-645e0be1cb50/element/db74d672-a74f-451d-94fc-19f9448ec016/click[39m
[35m[HTTP][39m [90m{"sessionId":"2bfbe541-1962-4a69-bf32-645e0be1cb50","id":"db74d672-a74f-451d-94fc-19f9448ec016"}[39m
[debug] [35m[MJSONWP (2bfbe541)][39m Calling AppiumDriver.click() with args: ["db74d672-a74f-451d-94fc-19f9448ec016","2bfbe541-1962-4a69-bf32-645e0be1cb50"]
[debug] [35m[WD Proxy][39m Matched '/element/db74d672-a74f-451d-94fc-19f9448ec016/click' to command name 'click'
[debug] [35m[WD Proxy][39m Proxying [POST /element/db74d672-a74f-451d-94fc-19f9448ec016/click] to [POST http://127.0.0.1:8202/wd/hub/session/92e144bb-6c95-45cb-8bf4-00b787f151a7/element/db74d672-a74f-451d-94fc-19f9448ec016/click] with body: {"element":"db74d672-a74f-451d-94fc-19f9448ec016"}
[debug] [35m[WD Proxy][39m Got response with status 200: {"sessionId":"92e144bb-6c95-45cb-8bf4-00b787f151a7","value":null}
[debug] [35m[MJSONWP (2bfbe541)][39m Responding to client with driver.click() result: null
[35m[HTTP][39m [37m<-- POST /wd/hub/session/2bfbe541-1962-4a69-bf32-645e0be1cb50/element/db74d672-a74f-451d-94fc-19f9448ec016/click [39m[32m200[39m [90m945 ms - 76[39m
[35m[HTTP][39m [90m[39m
[35m[HTTP][39m [37m-->[39m [37mPOST[39m [37m/wd/hub/session/2bfbe541-1962-4a69-bf32-645e0be1cb50/element[39m
[35m[HTTP][39m [90m{"value":"请输入QQ号码或手机或邮箱","sessionId":"2bfbe541-1962-4a69-bf32-645e0be1cb50","using":"accessibility id"}[39m
[debug] [35m[MJSONWP (2bfbe541)][39m Calling AppiumDriver.findElement() with args: ["accessibility id","请输入QQ号码或手机或邮箱","2bfbe541-1962-4a69-bf32-645e0be1cb50"]
[debug] [35m[BaseDriver][39m Valid locator strategies for this request: xpath, id, class name, accessibility id, -android uiautomator
[debug] [35m[BaseDriver][39m Waiting up to 0 ms for condition
[debug] [35m[WD Proxy][39m Matched '/element' to command name 'findElement'
[debug] [35m[WD Proxy][39m Proxying [POST /element] to [POST http://127.0.0.1:8202/wd/hub/session/92e144bb-6c95-45cb-8bf4-00b787f151a7/element] with body: {"strategy":"accessibility id","selector":"请输入QQ号码或手机或邮箱","context":"","multiple":false}
[debug] [35m[WD Proxy][39m Got response with status 200: {"sessionId":"92e144bb-6c95-45cb-8bf4-00b787f151a7","value":{"ELEMENT":"12026e0e-fdad-459f-8bce-0a87ffd8e445","element-6066-11e4-a52e-4f735466cecf":"12026e0e-fdad-459f-8bce-0a87ffd8e445"}}
[debug] [35m[MJSONWP (2bfbe541)][39m Responding to client with driver.findElement() result: {"element-6066-11e4-a52e-4f735466cecf":"12026e0e-fdad-459f-8bce-0a87ffd8e445","ELEMENT":"12026e0e-fdad-459f-8bce-0a87ffd8e445"}
[35m[HTTP][39m [37m<-- POST /wd/hub/session/2bfbe541-1962-4a69-bf32-645e0be1cb50/element [39m[32m200[39m [90m33 ms - 199[39m
[35m[HTTP][39m [90m[39m
[35m[HTTP][39m [37m-->[39m [37mPOST[39m [37m/wd/hub/session/2bfbe541-1962-4a69-bf32-645e0be1cb50/element[39m
[35m[HTTP][39m [90m{"value":"请输入QQ号码或手机或邮箱","sessionId":"2bfbe541-1962-4a69-bf32-645e0be1cb50","using":"accessibility id"}[39m
[debug] [35m[MJSONWP (2bfbe541)][39m Calling AppiumDriver.findElement() with args: ["accessibility id","请输入QQ号码或手机或邮箱","2bfbe541-1962-4a69-bf32-645e0be1cb50"]
[debug] [35m[BaseDriver][39m Valid locator strategies for this request: xpath, id, class name, accessibility id, -android uiautomator
[debug] [35m[BaseDriver][39m Waiting up to 0 ms for condition
[debug] [35m[WD Proxy][39m Matched '/element' to command name 'findElement'
[debug] [35m[WD Proxy][39m Proxying [POST /element] to [POST http://127.0.0.1:8202/wd/hub/session/92e144bb-6c95-45cb-8bf4-00b787f151a7/element] with body: {"strategy":"accessibility id","selector":"请输入QQ号码或手机或邮箱","context":"","multiple":false}
[debug] [35m[WD Proxy][39m Got response with status 200: {"sessionId":"92e144bb-6c95-45cb-8bf4-00b787f151a7","value":{"ELEMENT":"3919d0a8-403f-4d65-b8d1-0bd2805ee62a","element-6066-11e4-a52e-4f735466cecf":"3919d0a8-403f-4d65-b8d1-0bd2805ee62a"}}
[debug] [35m[MJSONWP (2bfbe541)][39m Responding to client with driver.findElement() result: {"element-6066-11e4-a52e-4f735466cecf":"3919d0a8-403f-4d65-b8d1-0bd2805ee62a","ELEMENT":"3919d0a8-403f-4d65-b8d1-0bd2805ee62a"}
[35m[HTTP][39m [37m<-- POST /wd/hub/session/2bfbe541-1962-4a69-bf32-645e0be1cb50/element [39m[32m200[39m [90m12 ms - 199[39m
[35m[HTTP][39m [90m[39m
[35m[HTTP][39m [37m-->[39m [37mPOST[39m [37m/wd/hub/session/2bfbe541-1962-4a69-bf32-645e0be1cb50/element/3919d0a8-403f-4d65-b8d1-0bd2805ee62a/value[39m
[35m[HTTP][39m [90m{"value":["3","4","1","8","6","6","6","1","7","9"],"text":"12345678","sessionId":"2bfbe541-1962-4a69-bf32-645e0be1cb50","id":"3919d0a8-403f-4d65-b8d1-0bd2805ee62a"}[39m
[debug] [35m[MJSONWP (2bfbe541)][39m Calling AppiumDriver.setValue() with args: [["3","4","1","8","6","6","6","1","7","9"],"3919d0a8-403f-4d65-b8d1-0bd2805ee62a","2bfbe541-1962-4a69-bf32-645e0be1cb50"]
[debug] [35m[WD Proxy][39m Matched '/element/3919d0a8-403f-4d65-b8d1-0bd2805ee62a/value' to command name 'setValue'
[debug] [35m[Protocol Converter][39m Added 'value' property ["3","4","1","8","6","6","6","1","7","9"] to 'setValue' request body
[debug] [35m[WD Proxy][39m Proxying [POST /element/3919d0a8-403f-4d65-b8d1-0bd2805ee62a/value] to [POST http://127.0.0.1:8202/wd/hub/session/92e144bb-6c95-45cb-8bf4-00b787f151a7/element/3919d0a8-403f-4d65-b8d1-0bd2805ee62a/value] with body: {"elementId":"3919d0a8-403f-4d65-b8d1-0bd2805ee62a","text":"12345678","replace":false,"unicodeKeyboard":true,"value":["3","4","1","8","6","6","6","1","7","9"]}
[debug] [35m[WD Proxy][39m Got response with status 200: {"sessionId":"92e144bb-6c95-45cb-8bf4-00b787f151a7","value":null}
[debug] [35m[MJSONWP (2bfbe541)][39m Responding to client with driver.setValue() result: null
[35m[HTTP][39m [37m<-- POST /wd/hub/session/2bfbe541-1962-4a69-bf32-645e0be1cb50/element/3919d0a8-403f-4d65-b8d1-0bd2805ee62a/value [39m[32m200[39m [90m531 ms - 76[39m
[35m[HTTP][39m [90m[39m
[35m[HTTP][39m [37m-->[39m [37mPOST[39m [37m/wd/hub/session/2bfbe541-1962-4a69-bf32-645e0be1cb50/element[39m
[35m[HTTP][39m [90m{"value":"密码 安全","sessionId":"2bfbe541-1962-4a69-bf32-645e0be1cb50","using":"accessibility id"}[39m
[debug] [35m[MJSONWP (2bfbe541)][39m Calling AppiumDriver.findElement() with args: ["accessibility id","密码 安全","2bfbe541-1962-4a69-bf32-645e0be1cb50"]
[debug] [35m[BaseDriver][39m Valid locator strategies for this request: xpath, id, class name, accessibility id, -android uiautomator
[debug] [35m[BaseDriver][39m Waiting up to 0 ms for condition
[debug] [35m[WD Proxy][39m Matched '/element' to command name 'findElement'
[debug] [35m[WD Proxy][39m Proxying [POST /element] to [POST http://127.0.0.1:8202/wd/hub/session/92e144bb-6c95-45cb-8bf4-00b787f151a7/element] with body: {"strategy":"accessibility id","selector":"密码 安全","context":"","multiple":false}
[debug] [35m[WD Proxy][39m Got response with status 200: {"sessionId":"92e144bb-6c95-45cb-8bf4-00b787f151a7","value":{"ELEMENT":"bce2d00c-4e4d-44a7-8fd9-d641f1bed60b","element-6066-11e4-a52e-4f735466cecf":"bce2d00c-4e4d-44a7-8fd9-d641f1bed60b"}}
[debug] [35m[MJSONWP (2bfbe541)][39m Responding to client with driver.findElement() result: {"element-6066-11e4-a52e-4f735466cecf":"bce2d00c-4e4d-44a7-8fd9-d641f1bed60b","ELEMENT":"bce2d00c-4e4d-44a7-8fd9-d641f1bed60b"}
[35m[HTTP][39m [37m<-- POST /wd/hub/session/2bfbe541-1962-4a69-bf32-645e0be1cb50/element [39m[32m200[39m [90m33 ms - 199[39m
[35m[HTTP][39m [90m[39m
[35m[HTTP][39m [37m-->[39m [37mPOST[39m [37m/wd/hub/session/2bfbe541-1962-4a69-bf32-645e0be1cb50/element[39m
[35m[HTTP][39m [90m{"value":"密码 安全","sessionId":"2bfbe541-1962-4a69-bf32-645e0be1cb50","using":"accessibility id"}[39m
[debug] [35m[MJSONWP (2bfbe541)][39m Calling AppiumDriver.findElement() with args: ["accessibility id","密码 安全","2bfbe541-1962-4a69-bf32-645e0be1cb50"]
[debug] [35m[BaseDriver][39m Valid locator strategies for this request: xpath, id, class name, accessibility id, -android uiautomator
[debug] [35m[BaseDriver][39m Waiting up to 0 ms for condition
[debug] [35m[WD Proxy][39m Matched '/element' to command name 'findElement'
[debug] [35m[WD Proxy][39m Proxying [POST /element] to [POST http://127.0.0.1:8202/wd/hub/session/92e144bb-6c95-45cb-8bf4-00b787f151a7/element] with body: {"strategy":"accessibility id","selector":"密码 安全","context":"","multiple":false}
[debug] [35m[WD Proxy][39m Got response with status 200: {"sessionId":"92e144bb-6c95-45cb-8bf4-00b787f151a7","value":{"ELEMENT":"8dbc30bb-ce73-42b2-8554-8ee57a8b4341","element-6066-11e4-a52e-4f735466cecf":"8dbc30bb-ce73-42b2-8554-8ee57a8b4341"}}
[debug] [35m[MJSONWP (2bfbe541)][39m Responding to client with driver.findElement() result: {"element-6066-11e4-a52e-4f735466cecf":"8dbc30bb-ce73-42b2-8554-8ee57a8b4341","ELEMENT":"8dbc30bb-ce73-42b2-8554-8ee57a8b4341"}
[35m[HTTP][39m [37m<-- POST /wd/hub/session/2bfbe541-1962-4a69-bf32-645e0be1cb50/element [39m[32m200[39m [90m567 ms - 199[39m
[35m[HTTP][39m [90m[39m
[35m[HTTP][39m [37m-->[39m [37mPOST[39m [37m/wd/hub/session/2bfbe541-1962-4a69-bf32-645e0be1cb50/element/8dbc30bb-ce73-42b2-8554-8ee57a8b4341/value[39m
[35m[HTTP][39m [90m{"value":["3","2","8","0","7","8","9","x","g"],"text":"12345678","sessionId":"2bfbe541-1962-4a69-bf32-645e0be1cb50","id":"8dbc30bb-ce73-42b2-8554-8ee57a8b4341"}[39m
[debug] [35m[MJSONWP (2bfbe541)][39m Calling AppiumDriver.setValue() with args: [["3","2","8","0","7","8","9","x","g"],"8dbc30bb-ce73-42b2-8554-8ee57a8b4341","2bfbe541-1962-4a69-bf32-645e0be1cb50"]
[debug] [35m[WD Proxy][39m Matched '/element/8dbc30bb-ce73-42b2-8554-8ee57a8b4341/value' to command name 'setValue'
[debug] [35m[Protocol Converter][39m Added 'value' property ["3","2","8","0","7","8","9","x","g"] to 'setValue' request body
[debug] [35m[WD Proxy][39m Proxying [POST /element/8dbc30bb-ce73-42b2-8554-8ee57a8b4341/value] to [POST http://127.0.0.1:8202/wd/hub/session/92e144bb-6c95-45cb-8bf4-00b787f151a7/element/8dbc30bb-ce73-42b2-8554-8ee57a8b4341/value] with body: {"elementId":"8dbc30bb-ce73-42b2-8554-8ee57a8b4341","text":"12345678","replace":false,"unicodeKeyboard":true,"value":["3","2","8","0","7","8","9","x","g"]}
[debug] [35m[WD Proxy][39m Got response with status 200: {"sessionId":"92e144bb-6c95-45cb-8bf4-00b787f151a7","value":null}
[debug] [35m[MJSONWP (2bfbe541)][39m Responding to client with driver.setValue() result: null
[35m[HTTP][39m [37m<-- POST /wd/hub/session/2bfbe541-1962-4a69-bf32-645e0be1cb50/element/8dbc30bb-ce73-42b2-8554-8ee57a8b4341/value [39m[32m200[39m [90m14 ms - 76[39m
[35m[HTTP][39m [90m[39m
[35m[HTTP][39m [37m-->[39m [37mPOST[39m [37m/wd/hub/session/2bfbe541-1962-4a69-bf32-645e0be1cb50/element[39m
[35m[HTTP][39m [90m{"value":"com.tencent.mobileqq:id/login","sessionId":"2bfbe541-1962-4a69-bf32-645e0be1cb50","using":"id"}[39m
[debug] [35m[MJSONWP (2bfbe541)][39m Calling AppiumDriver.findElement() with args: ["id","com.tencent.mobileqq:id/login","2bfbe541-1962-4a69-bf32-645e0be1cb50"]
[debug] [35m[BaseDriver][39m Valid locator strategies for this request: xpath, id, class name, accessibility id, -android uiautomator
[debug] [35m[BaseDriver][39m Waiting up to 0 ms for condition
[debug] [35m[WD Proxy][39m Matched '/element' to command name 'findElement'
[debug] [35m[WD Proxy][39m Proxying [POST /element] to [POST http://127.0.0.1:8202/wd/hub/session/92e144bb-6c95-45cb-8bf4-00b787f151a7/element] with body: {"strategy":"id","selector":"com.tencent.mobileqq:id/login","context":"","multiple":false}
[debug] [35m[WD Proxy][39m Got response with status 200: {"sessionId":"92e144bb-6c95-45cb-8bf4-00b787f151a7","value":{"ELEMENT":"54f7a458-0b51-49b2-8b55-0d55783b166d","element-6066-11e4-a52e-4f735466cecf":"54f7a458-0b51-49b2-8b55-0d55783b166d"}}
[debug] [35m[MJSONWP (2bfbe541)][39m Responding to client with driver.findElement() result: {"element-6066-11e4-a52e-4f735466cecf":"54f7a458-0b51-49b2-8b55-0d55783b166d","ELEMENT":"54f7a458-0b51-49b2-8b55-0d55783b166d"}
[35m[HTTP][39m [37m<-- POST /wd/hub/session/2bfbe541-1962-4a69-bf32-645e0be1cb50/element [39m[32m200[39m [90m500 ms - 199[39m
[35m[HTTP][39m [90m[39m
[35m[HTTP][39m [37m-->[39m [37mGET[39m [37m/wd/hub/session/2bfbe541-1962-4a69-bf32-645e0be1cb50/element/54f7a458-0b51-49b2-8b55-0d55783b166d/displayed[39m
[35m[HTTP][39m [90m{}[39m
[debug] [35m[MJSONWP (2bfbe541)][39m Calling AppiumDriver.elementDisplayed() with args: ["54f7a458-0b51-49b2-8b55-0d55783b166d","2bfbe541-1962-4a69-bf32-645e0be1cb50"]
[debug] [35m[WD Proxy][39m Matched '/element/54f7a458-0b51-49b2-8b55-0d55783b166d/attribute/displayed' to command name 'getAttribute'
[debug] [35m[WD Proxy][39m Proxying [GET /element/54f7a458-0b51-49b2-8b55-0d55783b166d/attribute/displayed] to [GET http://127.0.0.1:8202/wd/hub/session/92e144bb-6c95-45cb-8bf4-00b787f151a7/element/54f7a458-0b51-49b2-8b55-0d55783b166d/attribute/displayed] with body: {}
[debug] [35m[WD Proxy][39m Got response with status 200: {"sessionId":"92e144bb-6c95-45cb-8bf4-00b787f151a7","value":"true"}
[debug] [35m[MJSONWP (2bfbe541)][39m Responding to client with driver.elementDisplayed() result: true
[35m[HTTP][39m [37m<-- GET /wd/hub/session/2bfbe541-1962-4a69-bf32-645e0be1cb50/element/54f7a458-0b51-49b2-8b55-0d55783b166d/displayed [39m[32m200[39m [90m8 ms - 76[39m
[35m[HTTP][39m [90m[39m
[35m[HTTP][39m [37m-->[39m [37mGET[39m [37m/wd/hub/session/2bfbe541-1962-4a69-bf32-645e0be1cb50/element/54f7a458-0b51-49b2-8b55-0d55783b166d/enabled[39m
[35m[HTTP][39m [90m{}[39m
[debug] [35m[MJSONWP (2bfbe541)][39m Calling AppiumDriver.elementEnabled() with args: ["54f7a458-0b51-49b2-8b55-0d55783b166d","2bfbe541-1962-4a69-bf32-645e0be1cb50"]
[debug] [35m[WD Proxy][39m Matched '/element/54f7a458-0b51-49b2-8b55-0d55783b166d/attribute/enabled' to command name 'getAttribute'
[debug] [35m[WD Proxy][39m Proxying [GET /element/54f7a458-0b51-49b2-8b55-0d55783b166d/attribute/enabled] to [GET http://127.0.0.1:8202/wd/hub/session/92e144bb-6c95-45cb-8bf4-00b787f151a7/element/54f7a458-0b51-49b2-8b55-0d55783b166d/attribute/enabled] with body: {}
[debug] [35m[WD Proxy][39m Got response with status 200: {"sessionId":"92e144bb-6c95-45cb-8bf4-00b787f151a7","value":"true"}
[debug] [35m[MJSONWP (2bfbe541)][39m Responding to client with driver.elementEnabled() result: true
[35m[HTTP][39m [37m<-- GET /wd/hub/session/2bfbe541-1962-4a69-bf32-645e0be1cb50/element/54f7a458-0b51-49b2-8b55-0d55783b166d/enabled [39m[32m200[39m [90m16 ms - 76[39m
[35m[HTTP][39m [90m[39m
[35m[HTTP][39m [37m-->[39m [37mPOST[39m [37m/wd/hub/session/2bfbe541-1962-4a69-bf32-645e0be1cb50/element[39m
[35m[HTTP][39m [90m{"value":"com.tencent.mobileqq:id/login","sessionId":"2bfbe541-1962-4a69-bf32-645e0be1cb50","using":"id"}[39m
[debug] [35m[MJSONWP (2bfbe541)][39m Calling AppiumDriver.findElement() with args: ["id","com.tencent.mobileqq:id/login","2bfbe541-1962-4a69-bf32-645e0be1cb50"]
[debug] [35m[BaseDriver][39m Valid locator strategies for this request: xpath, id, class name, accessibility id, -android uiautomator
[debug] [35m[BaseDriver][39m Waiting up to 0 ms for condition
[debug] [35m[WD Proxy][39m Matched '/element' to command name 'findElement'
[debug] [35m[WD Proxy][39m Proxying [POST /element] to [POST http://127.0.0.1:8202/wd/hub/session/92e144bb-6c95-45cb-8bf4-00b787f151a7/element] with body: {"strategy":"id","selector":"com.tencent.mobileqq:id/login","context":"","multiple":false}
[debug] [35m[WD Proxy][39m Got response with status 200: {"sessionId":"92e144bb-6c95-45cb-8bf4-00b787f151a7","value":{"ELEMENT":"7a5c86c2-e313-4ea6-bb75-a5c5181028b2","element-6066-11e4-a52e-4f735466cecf":"7a5c86c2-e313-4ea6-bb75-a5c5181028b2"}}
[debug] [35m[MJSONWP (2bfbe541)][39m Responding to client with driver.findElement() result: {"element-6066-11e4-a52e-4f735466cecf":"7a5c86c2-e313-4ea6-bb75-a5c5181028b2","ELEMENT":"7a5c86c2-e313-4ea6-bb75-a5c5181028b2"}
[35m[HTTP][39m [37m<-- POST /wd/hub/session/2bfbe541-1962-4a69-bf32-645e0be1cb50/element [39m[32m200[39m [90m15 ms - 199[39m
[35m[HTTP][39m [90m[39m
[35m[HTTP][39m [37m-->[39m [37mPOST[39m [37m/wd/hub/session/2bfbe541-1962-4a69-bf32-645e0be1cb50/element/7a5c86c2-e313-4ea6-bb75-a5c5181028b2/click[39m
[35m[HTTP][39m [90m{"sessionId":"2bfbe541-1962-4a69-bf32-645e0be1cb50","id":"7a5c86c2-e313-4ea6-bb75-a5c5181028b2"}[39m
[debug] [35m[MJSONWP (2bfbe541)][39m Calling AppiumDriver.click() with args: ["7a5c86c2-e313-4ea6-bb75-a5c5181028b2","2bfbe541-1962-4a69-bf32-645e0be1cb50"]
[debug] [35m[WD Proxy][39m Matched '/element/7a5c86c2-e313-4ea6-bb75-a5c5181028b2/click' to command name 'click'
[debug] [35m[WD Proxy][39m Proxying [POST /element/7a5c86c2-e313-4ea6-bb75-a5c5181028b2/click] to [POST http://127.0.0.1:8202/wd/hub/session/92e144bb-6c95-45cb-8bf4-00b787f151a7/element/7a5c86c2-e313-4ea6-bb75-a5c5181028b2/click] with body: {"element":"7a5c86c2-e313-4ea6-bb75-a5c5181028b2"}
[debug] [35m[WD Proxy][39m Got response with status 200: {"sessionId":"92e144bb-6c95-45cb-8bf4-00b787f151a7","value":null}
[debug] [35m[MJSONWP (2bfbe541)][39m Responding to client with driver.click() result: null
[35m[HTTP][39m [37m<-- POST /wd/hub/session/2bfbe541-1962-4a69-bf32-645e0be1cb50/element/7a5c86c2-e313-4ea6-bb75-a5c5181028b2/click [39m[32m200[39m [90m15 ms - 76[39m
[35m[HTTP][39m [90m[39m
[35m[HTTP][39m [37m-->[39m [37mPOST[39m [37m/wd/hub/session/2bfbe541-1962-4a69-bf32-645e0be1cb50/element[39m
[35m[HTTP][39m [90m{"value":"new UiSelector().text(\"开始验证\")","sessionId":"2bfbe541-1962-4a69-bf32-645e0be1cb50","using":"-android uiautomator"}[39m
[debug] [35m[MJSONWP (2bfbe541)][39m Calling AppiumDriver.findElement() with args: ["-android uiautomator","new UiSelector().text(\"开始验证\")","2bfbe541-1962-4a69-bf32-645e0be1cb50"]
[debug] [35m[BaseDriver][39m Valid locator strategies for this request: xpath, id, class name, accessibility id, -android uiautomator
[debug] [35m[BaseDriver][39m Waiting up to 0 ms for condition
[debug] [35m[WD Proxy][39m Matched '/element' to command name 'findElement'
[debug] [35m[WD Proxy][39m Proxying [POST /element] to [POST http://127.0.0.1:8202/wd/hub/session/92e144bb-6c95-45cb-8bf4-00b787f151a7/element] with body: {"strategy":"-android uiautomator","selector":"new UiSelector().text(\"开始验证\")","context":"","multiple":false}
[35m[WD Proxy][39m Got response with status 404: {"sessionId":"92e144bb-6c95-45cb-8bf4-00b787f151a7","value":{"error":"no such element","message":"An element could not be located on the page using the given search parameters","stacktrace":"io.appium.uiautomator2.common.exceptions.ElementNotFoundException: An element could not be located on the page using the given search parameters\n\tat io.appium.uiautomator2.handler.FindElement.safeHandle(FindElement.java:78)\n\tat io.appium.uiautomator2.handler.request.SafeRequestHandler.handle(SafeRequestHandler.java:38)\n\tat io.appium.uiautomator2.server.AppiumServlet.handleRequest(AppiumServlet.java:252)\n\tat io.appium.uiautomator2.server.AppiumServlet.handleHttpRequest(AppiumServlet.java:242)\n\tat io.appium.uiautomator2.http.ServerHandler.channelRead(ServerHandler.java:51)\n\tat io.netty.channel.AbstractChannelHandlerContext.invokeChannelRead(AbstractChannelHandlerContext.java:366)\n\tat io.netty.channel.AbstractChannelHandlerContext.invokeChannelRead(AbstractChannelHandlerContext.java:352)\n\tat io.netty.chann...
[debug] [35m[W3C][39m Matched W3C error code 'no such element' to NoSuchElementError
[debug] [35m[MJSONWP (2bfbe541)][39m Encountered internal error running command: NoSuchElementError: An element could not be located on the page using the given search parameters.
[debug] [35m[MJSONWP (2bfbe541)][39m     at AndroidUiautomator2Driver.findElOrEls (C:\Users\lenovo\AppData\Roaming\npm\node_modules\appium\node_modules\_appium-android-driver@4.27.0@appium-android-driver\lib\commands\find.js:75:11)
[35m[HTTP][39m [37m<-- POST /wd/hub/session/2bfbe541-1962-4a69-bf32-645e0be1cb50/element [39m[31m500[39m [90m77 ms - 164[39m
[35m[HTTP][39m [90m[39m
[35m[HTTP][39m [37m-->[39m [37mPOST[39m [37m/wd/hub/session/2bfbe541-1962-4a69-bf32-645e0be1cb50/element[39m
[35m[HTTP][39m [90m{"value":"new UiSelector().text(\"开始验证\")","sessionId":"2bfbe541-1962-4a69-bf32-645e0be1cb50","using":"-android uiautomator"}[39m
[debug] [35m[MJSONWP (2bfbe541)][39m Calling AppiumDriver.findElement() with args: ["-android uiautomator","new UiSelector().text(\"开始验证\")","2bfbe541-1962-4a69-bf32-645e0be1cb50"]
[debug] [35m[BaseDriver][39m Valid locator strategies for this request: xpath, id, class name, accessibility id, -android uiautomator
[debug] [35m[BaseDriver][39m Waiting up to 0 ms for condition
[debug] [35m[WD Proxy][39m Matched '/element' to command name 'findElement'
[debug] [35m[WD Proxy][39m Proxying [POST /element] to [POST http://127.0.0.1:8202/wd/hub/session/92e144bb-6c95-45cb-8bf4-00b787f151a7/element] with body: {"strategy":"-android uiautomator","selector":"new UiSelector().text(\"开始验证\")","context":"","multiple":false}
[debug] [35m[WD Proxy][39m Got response with status 200: {"sessionId":"92e144bb-6c95-45cb-8bf4-00b787f151a7","value":{"ELEMENT":"5dda1868-1934-4b3b-b09c-867e26721d58","element-6066-11e4-a52e-4f735466cecf":"5dda1868-1934-4b3b-b09c-867e26721d58"}}
[debug] [35m[MJSONWP (2bfbe541)][39m Responding to client with driver.findElement() result: {"element-6066-11e4-a52e-4f735466cecf":"5dda1868-1934-4b3b-b09c-867e26721d58","ELEMENT":"5dda1868-1934-4b3b-b09c-867e26721d58"}
[35m[HTTP][39m [37m<-- POST /wd/hub/session/2bfbe541-1962-4a69-bf32-645e0be1cb50/element [39m[32m200[39m [90m320 ms - 199[39m
[35m[HTTP][39m [90m[39m
[35m[HTTP][39m [37m-->[39m [37mDELETE[39m [37m/wd/hub/session/2bfbe541-1962-4a69-bf32-645e0be1cb50[39m
[35m[HTTP][39m [90m{}[39m
[debug] [35m[MJSONWP (2bfbe541)][39m Calling AppiumDriver.deleteSession() with args: ["2bfbe541-1962-4a69-bf32-645e0be1cb50"]
[debug] [35m[BaseDriver][39m Event 'quitSessionRequested' logged at 1587106450722 (14:54:10 GMT+0800 (GMT+08:00))
[35m[Appium][39m Removing session 2bfbe541-1962-4a69-bf32-645e0be1cb50 from our master session list
[debug] [35m[UiAutomator2][39m Deleting UiAutomator2 session
[debug] [35m[UiAutomator2][39m Deleting UiAutomator2 server session
[debug] [35m[WD Proxy][39m Matched '/' to command name 'deleteSession'
[debug] [35m[WD Proxy][39m Proxying [DELETE /] to [DELETE http://127.0.0.1:8202/wd/hub/session/92e144bb-6c95-45cb-8bf4-00b787f151a7] with no body
[debug] [35m[WD Proxy][39m Got response with status 200: {"sessionId":"92e144bb-6c95-45cb-8bf4-00b787f151a7","value":null}
[debug] [35m[UiAutomator2][39m Resetting IME to 'io.appium.settings/.UnicodeIME'
[debug] [35m[ADB][39m Running 'E:\Automantic\win\android-sdk-windows\platform-tools\adb.exe -P 5037 -s emulator-5558 shell ime set io.appium.settings/.UnicodeIME'
[debug] [35m[Instrumentation][39m .
[debug] [35m[Instrumentation][39m Time: 10.046


[debug] [35m[Instrumentation][39m 


[debug] [35m[Instrumentation][39m OK (1 test)
[debug] [35m[ADB][39m Running 'E:\Automantic\win\android-sdk-windows\platform-tools\adb.exe -P 5037 -s emulator-5558 shell am force-stop com.tencent.mobileqq'
[debug] [35m[Instrumentation][39m The process has exited with code 0
[debug] [35m[Logcat][39m Stopping logcat capture
[debug] [35m[ADB][39m Removing forwarded port socket connection: 8202 
[debug] [35m[ADB][39m Running 'E:\Automantic\win\android-sdk-windows\platform-tools\adb.exe -P 5037 -s emulator-5558 forward --remove tcp\:8202'
[debug] [35m[BaseDriver][39m Event 'quitSessionFinished' logged at 1587106452073 (14:54:12 GMT+0800 (GMT+08:00))
[debug] [35m[MJSONWP (2bfbe541)][39m Received response: null
[debug] [35m[MJSONWP (2bfbe541)][39m But deleting session, so not returning
[debug] [35m[MJSONWP (2bfbe541)][39m Responding to client with driver.deleteSession() result: null
[debug] [35m[MJSONWP (2bfbe541)][39m Destroying socket connection
[35m[HTTP][39m [37m<-- DELETE /wd/hub/session/2bfbe541-1962-4a69-bf32-645e0be1cb50 [39m[32m200[39m [90m1352 ms - 76[39m
[35m[HTTP][39m [90m[39m
