2019-07-28 11:15:46,720 - /Users/nhy/PycharmProjects/cnz/day9/atp/lib/util.py[line:40] - DEBUG: 开始发送邮件
2019-07-28 11:15:51,318 - /Users/nhy/PycharmProjects/cnz/day9/atp/lib/util.py[line:60] - INFO: 发送邮件成功
2019-07-28 11:15:51,324 - /Users/nhy/PycharmProjects/cnz/day9/atp/bin/start.py[line:41] - DEBUG: 运行完成
2019-07-28 11:17:18,525 - /Users/nhy/PycharmProjects/cnz/day9/atp/lib/util.py[line:40] - DEBUG: 开始发送邮件
2019-07-28 11:17:35,261 - /Users/nhy/PycharmProjects/cnz/day9/atp/lib/util.py[line:60] - INFO: 发送邮件成功
2019-07-28 11:17:35,268 - /Users/nhy/PycharmProjects/cnz/day9/atp/bin/start.py[line:41] - DEBUG: 运行完成
2019-07-28 11:20:31,568 - /Users/nhy/PycharmProjects/cnz/day9/atp/bin/start.py[line:41] - DEBUG: 运行完成
2019-07-28 11:23:21,918 - /Users/nhy/PycharmProjects/cnz/day9/atp/lib/parse_response.py[line:28] - DEBUG: key是error_code，运算的代码是3007 == 3006
2019-07-28 11:23:21,919 - /Users/nhy/PycharmProjects/cnz/day9/atp/lib/util.py[line:24] - DEBUG: 现在开始写报告了：文件名是 /Users/nhy/PycharmProjects/cnz/day9/atp/cases/test-处女座测试用例.xlsx  内容：[["{'error_code': 0, 'login_info': {'login_time': '20190728112321', 'sign': 'b64f16ae57475c20ad264e0089da9dda', 'userId': 9786}}", '都通过啦', '通过'], ["{'error_code': 3007, 'msg': '用户名/密码错误！'}", '都通过啦', '通过']]
2019-07-28 11:23:21,932 - /Users/nhy/PycharmProjects/cnz/day9/atp/lib/util.py[line:35] - DEBUG: 报告生成完成，文件名是/Users/nhy/PycharmProjects/cnz/day9/atp/report/20190728112321_test-处女座测试用例.xlsx
2019-07-28 11:23:21,932 - /Users/nhy/PycharmProjects/cnz/day9/atp/lib/util.py[line:40] - DEBUG: 开始发送邮件
2019-07-28 11:23:38,043 - /Users/nhy/PycharmProjects/cnz/day9/atp/lib/util.py[line:60] - INFO: 发送邮件成功
2019-07-28 11:23:38,048 - /Users/nhy/PycharmProjects/cnz/day9/atp/bin/start.py[line:41] - DEBUG: 运行完成
2019-07-28 11:25:36,885 - /Users/nhy/PycharmProjects/cnz/day9/atp/lib/parse_response.py[line:28] - DEBUG: key是error_code，运算的代码是3007 == 3006
2019-07-28 11:25:36,886 - /Users/nhy/PycharmProjects/cnz/day9/atp/lib/util.py[line:24] - DEBUG: 现在开始写报告了：文件名是 /Users/nhy/PycharmProjects/cnz/day9/atp/cases/test-处女座测试用例.xlsx  内容：[["{'error_code': 0, 'login_info': {'login_time': '20190728112536', 'sign': 'b64f16ae57475c20ad264e0089da9dda', 'userId': 9786}}", '都通过啦', '通过'], ["{'error_code': 3007, 'msg': '用户名/密码错误！'}", '都通过啦', '通过']]
2019-07-28 11:25:36,910 - /Users/nhy/PycharmProjects/cnz/day9/atp/lib/util.py[line:36] - DEBUG: 报告生成完成，文件名是/Users/nhy/PycharmProjects/cnz/day9/atp/report/20190728112536_test-处女座测试用例.xls
2019-07-28 11:25:36,912 - /Users/nhy/PycharmProjects/cnz/day9/atp/lib/util.py[line:41] - DEBUG: 开始发送邮件
2019-07-28 11:25:37,230 - /Users/nhy/PycharmProjects/cnz/day9/atp/lib/util.py[line:61] - INFO: 发送邮件成功
2019-07-28 11:25:37,237 - /Users/nhy/PycharmProjects/cnz/day9/atp/bin/start.py[line:41] - DEBUG: 运行完成
2019-07-28 11:30:29,379 - /Users/nhy/PycharmProjects/cnz/day9/atp/lib/parse_response.py[line:28] - DEBUG: key是error_code，运算的代码是3007 == 3006
2019-07-28 11:30:29,379 - /Users/nhy/PycharmProjects/cnz/day9/atp/lib/util.py[line:24] - DEBUG: 现在开始写报告了：文件名是 /Users/nhy/PycharmProjects/cnz/day9/atp/cases/test-处女座测试用例.xlsx  内容：[["{'error_code': 0, 'login_info': {'login_time': '20190728113029', 'sign': 'b64f16ae57475c20ad264e0089da9dda', 'userId': 9786}}", '都通过啦', '通过'], ["{'error_code': 3007, 'msg': '用户名/密码错误！'}", '都通过啦', '通过'], ["{'error_code': 3007, 'msg': '用户名/密码错误！'}", 'key是error_code，运算的代码是3007 == 3006', '失败']]
2019-07-28 11:30:29,408 - /Users/nhy/PycharmProjects/cnz/day9/atp/lib/util.py[line:36] - DEBUG: 报告生成完成，文件名是/Users/nhy/PycharmProjects/cnz/day9/atp/report/20190728113029_test-处女座测试用例.xls
2019-07-28 11:30:29,408 - /Users/nhy/PycharmProjects/cnz/day9/atp/lib/util.py[line:41] - DEBUG: 开始发送邮件
2019-07-28 11:30:48,197 - /Users/nhy/PycharmProjects/cnz/day9/atp/lib/util.py[line:61] - INFO: 发送邮件成功
2019-07-28 11:30:48,485 - /Users/nhy/PycharmProjects/cnz/day9/atp/bin/start.py[line:41] - DEBUG: 运行完成
2019-07-28 11:35:50,050 - /Users/nhy/PycharmProjects/cnz/day9/atp/lib/parse_response.py[line:28] - DEBUG: key是error_code，运算的代码是3007 == 3006
2019-07-28 11:35:50,051 - /Users/nhy/PycharmProjects/cnz/day9/atp/lib/util.py[line:24] - DEBUG: 现在开始写报告了：文件名是 /Users/nhy/PycharmProjects/cnz/day9/atp/cases/test-处女座测试用例.xlsx  内容：[["{'username': 'niuhanyang', 'passwd': 'aA123456'}", "{'error_code': 0, 'login_info': {'login_time': '20190728113549', 'sign': 'b64f16ae57475c20ad264e0089da9dda', 'userId': 9786}}", '都通过啦', '通过'], ["{'username': '13669506876', 'passwd': '123456'}", "{'error_code': 3007, 'msg': '用户名/密码错误！'}", '都通过啦', '通过'], ["{'username': '15122302128', 'passwd': '123456'}", "{'error_code': 3007, 'msg': '用户名/密码错误！'}", 'key是error_code，运算的代码是3007 == 3006', '失败']]
2019-07-28 11:35:50,075 - /Users/nhy/PycharmProjects/cnz/day9/atp/lib/util.py[line:37] - DEBUG: 报告生成完成，文件名是/Users/nhy/PycharmProjects/cnz/day9/atp/report/20190728113550_test-处女座测试用例.xls
2019-07-28 11:35:50,077 - /Users/nhy/PycharmProjects/cnz/day9/atp/lib/util.py[line:42] - DEBUG: 开始发送邮件
2019-07-28 11:36:06,697 - /Users/nhy/PycharmProjects/cnz/day9/atp/lib/util.py[line:62] - INFO: 发送邮件成功
2019-07-28 11:36:06,704 - /Users/nhy/PycharmProjects/cnz/day9/atp/bin/start.py[line:41] - DEBUG: 运行完成
2019-07-28 11:44:34,796 - /Users/nhy/PycharmProjects/cnz/day9/atp/lib/parse_response.py[line:28] - DEBUG: key是error_code，运算的代码是3007 == 3006
2019-07-28 11:44:34,796 - /Users/nhy/PycharmProjects/cnz/day9/atp/lib/util.py[line:24] - DEBUG: 现在开始写报告了：文件名是 /Users/nhy/PycharmProjects/cnz/day9/atp/cases/test-处女座测试用例.xlsx  内容：[["{'username': 'niuhanyang', 'passwd': 'aA123456'}", "{'error_code': 0, 'login_info': {'login_time': '20190728114434', 'sign': 'b64f16ae57475c20ad264e0089da9dda', 'userId': 9786}}", '都通过啦', '通过'], ["{'username': '15041126156', 'passwd': '123456'}", "{'error_code': 3007, 'msg': '用户名/密码错误！'}", '都通过啦', '通过'], ["{'username': '14541626597', 'passwd': '123456'}", "{'error_code': 3007, 'msg': '用户名/密码错误！'}", 'key是error_code，运算的代码是3007 == 3006', '失败']]
2019-07-28 11:44:34,861 - /Users/nhy/PycharmProjects/cnz/day9/atp/lib/util.py[line:37] - DEBUG: 报告生成完成，文件名是/Users/nhy/PycharmProjects/cnz/day9/atp/report/20190728114434_test-处女座测试用例.xls
2019-07-28 11:44:34,861 - /Users/nhy/PycharmProjects/cnz/day9/atp/lib/util.py[line:42] - DEBUG: 开始发送邮件
2019-07-28 11:44:52,360 - /Users/nhy/PycharmProjects/cnz/day9/atp/lib/util.py[line:62] - INFO: 发送邮件成功
2019-07-28 11:44:52,365 - /Users/nhy/PycharmProjects/cnz/day9/atp/bin/start-多线程.py[line:50] - DEBUG: 运行完成
2019-07-28 11:44:59,061 - /Users/nhy/PycharmProjects/cnz/day9/atp/lib/parse_response.py[line:28] - DEBUG: key是error_code，运算的代码是3007 == 3006
2019-07-28 11:44:59,061 - /Users/nhy/PycharmProjects/cnz/day9/atp/lib/util.py[line:24] - DEBUG: 现在开始写报告了：文件名是 /Users/nhy/PycharmProjects/cnz/day9/atp/cases/test-处女座测试用例2.xlsx  内容：[["{'username': 'niuhanyang', 'passwd': 'aA123456'}", "{'error_code': 0, 'login_info': {'login_time': '20190728114458', 'sign': 'b64f16ae57475c20ad264e0089da9dda', 'userId': 9786}}", '都通过啦', '通过'], ["{'username': '18075478778', 'passwd': '123456'}", "{'error_code': 3007, 'msg': '用户名/密码错误！'}", '都通过啦', '通过'], ["{'username': '13221211688', 'passwd': '123456'}", "{'error_code': 3007, 'msg': '用户名/密码错误！'}", 'key是error_code，运算的代码是3007 == 3006', '失败']]
2019-07-28 11:44:59,080 - /Users/nhy/PycharmProjects/cnz/day9/atp/lib/parse_response.py[line:28] - DEBUG: key是error_code，运算的代码是3007 == 3006
2019-07-28 11:44:59,091 - /Users/nhy/PycharmProjects/cnz/day9/atp/lib/util.py[line:24] - DEBUG: 现在开始写报告了：文件名是 /Users/nhy/PycharmProjects/cnz/day9/atp/cases/test-处女座测试用例.xlsx  内容：[["{'username': 'niuhanyang', 'passwd': 'aA123456'}", "{'error_code': 0, 'login_info': {'login_time': '20190728114458', 'sign': 'b64f16ae57475c20ad264e0089da9dda', 'userId': 9786}}", '都通过啦', '通过'], ["{'username': '18931945737', 'passwd': '123456'}", "{'error_code': 3007, 'msg': '用户名/密码错误！'}", '都通过啦', '通过'], ["{'username': '18140819887', 'passwd': '123456'}", "{'error_code': 3007, 'msg': '用户名/密码错误！'}", 'key是error_code，运算的代码是3007 == 3006', '失败']]
2019-07-28 11:44:59,163 - /Users/nhy/PycharmProjects/cnz/day9/atp/lib/util.py[line:37] - DEBUG: 报告生成完成，文件名是/Users/nhy/PycharmProjects/cnz/day9/atp/report/20190728114459_test-处女座测试用例.xls
2019-07-28 11:44:59,164 - /Users/nhy/PycharmProjects/cnz/day9/atp/lib/util.py[line:37] - DEBUG: 报告生成完成，文件名是/Users/nhy/PycharmProjects/cnz/day9/atp/report/20190728114459_test-处女座测试用例2.xls
2019-07-28 11:44:59,164 - /Users/nhy/PycharmProjects/cnz/day9/atp/lib/util.py[line:42] - DEBUG: 开始发送邮件
2019-07-28 11:45:15,700 - /Users/nhy/PycharmProjects/cnz/day9/atp/lib/util.py[line:62] - INFO: 发送邮件成功
2019-07-28 11:45:15,707 - /Users/nhy/PycharmProjects/cnz/day9/atp/bin/start-多线程.py[line:50] - DEBUG: 运行完成
2019-07-28 11:47:56,369 - /Users/nhy/PycharmProjects/cnz/day9/atp/lib/parse_response.py[line:28] - DEBUG: key是error_code，运算的代码是3007 == 3006
2019-07-28 11:47:56,369 - /Users/nhy/PycharmProjects/cnz/day9/atp/lib/util.py[line:24] - DEBUG: 现在开始写报告了：文件名是 /Users/nhy/PycharmProjects/cnz/day9/atp/cases/test-处女座测试用例.xlsx  内容：[["{'username': 'niuhanyang', 'passwd': 'aA123456'}", "{'error_code': 0, 'login_info': {'login_time': '20190728114756', 'sign': 'b64f16ae57475c20ad264e0089da9dda', 'userId': 9786}}", '都通过啦', '通过'], ["{'username': '15533854486', 'passwd': '123456'}", "{'error_code': 3007, 'msg': '用户名/密码错误！'}", '都通过啦', '通过'], ["{'username': '18537849267', 'passwd': '123456'}", "{'error_code': 3007, 'msg': '用户名/密码错误！'}", 'key是error_code，运算的代码是3007 == 3006', '失败']]
2019-07-28 11:47:56,376 - /Users/nhy/PycharmProjects/cnz/day9/atp/lib/util.py[line:37] - DEBUG: 报告生成完成，文件名是/Users/nhy/PycharmProjects/cnz/day9/atp/report/20190728114756_test-处女座测试用例.xls
2019-07-28 11:47:56,645 - /Users/nhy/PycharmProjects/cnz/day9/atp/lib/parse_response.py[line:28] - DEBUG: key是error_code，运算的代码是3007 == 3006
2019-07-28 11:47:56,645 - /Users/nhy/PycharmProjects/cnz/day9/atp/lib/util.py[line:24] - DEBUG: 现在开始写报告了：文件名是 /Users/nhy/PycharmProjects/cnz/day9/atp/cases/test-处女座测试用例2.xlsx  内容：[["{'username': 'niuhanyang', 'passwd': 'aA123456'}", "{'error_code': 0, 'login_info': {'login_time': '20190728114756', 'sign': 'b64f16ae57475c20ad264e0089da9dda', 'userId': 9786}}", '都通过啦', '通过'], ["{'username': '14728682737', 'passwd': '123456'}", "{'error_code': 3007, 'msg': '用户名/密码错误！'}", '都通过啦', '通过'], ["{'username': '13111994061', 'passwd': '123456'}", "{'error_code': 3007, 'msg': '用户名/密码错误！'}", 'key是error_code，运算的代码是3007 == 3006', '失败']]
2019-07-28 11:47:56,650 - /Users/nhy/PycharmProjects/cnz/day9/atp/lib/util.py[line:37] - DEBUG: 报告生成完成，文件名是/Users/nhy/PycharmProjects/cnz/day9/atp/report/20190728114756_test-处女座测试用例2.xls
2019-07-28 11:47:56,650 - /Users/nhy/PycharmProjects/cnz/day9/atp/lib/util.py[line:42] - DEBUG: 开始发送邮件
2019-07-28 11:48:14,427 - /Users/nhy/PycharmProjects/cnz/day9/atp/lib/util.py[line:62] - INFO: 发送邮件成功
2019-07-28 11:48:14,433 - start.py[line:43] - DEBUG: 运行完成
2019-07-28 11:49:35,293 - /Users/nhy/PycharmProjects/cnz/day9/atp/lib/parse_response.py[line:28] - DEBUG: key是error_code，运算的代码是3007 == 3006
2019-07-28 11:49:35,293 - /Users/nhy/PycharmProjects/cnz/day9/atp/lib/util.py[line:24] - DEBUG: 现在开始写报告了：文件名是 /Users/nhy/PycharmProjects/cnz/day9/atp/cases/test-处女座测试用例.xlsx  内容：[["{'username': 'niuhanyang', 'passwd': 'aA123456'}", "{'error_code': 0, 'login_info': {'login_time': '20190728114935', 'sign': 'b64f16ae57475c20ad264e0089da9dda', 'userId': 9786}}", '都通过啦', '通过'], ["{'username': '18061912090', 'passwd': '123456'}", "{'error_code': 3007, 'msg': '用户名/密码错误！'}", '都通过啦', '通过'], ["{'username': '13046419605', 'passwd': '123456'}", "{'error_code': 3007, 'msg': '用户名/密码错误！'}", 'key是error_code，运算的代码是3007 == 3006', '失败']]
2019-07-28 11:49:35,297 - /Users/nhy/PycharmProjects/cnz/day9/atp/lib/util.py[line:37] - DEBUG: 报告生成完成，文件名是/Users/nhy/PycharmProjects/cnz/day9/atp/report/20190728114935_test-处女座测试用例.xls
2019-07-28 11:49:35,563 - /Users/nhy/PycharmProjects/cnz/day9/atp/lib/parse_response.py[line:28] - DEBUG: key是error_code，运算的代码是3007 == 3006
2019-07-28 11:49:35,564 - /Users/nhy/PycharmProjects/cnz/day9/atp/lib/util.py[line:24] - DEBUG: 现在开始写报告了：文件名是 /Users/nhy/PycharmProjects/cnz/day9/atp/cases/test-处女座测试用例2.xlsx  内容：[["{'username': 'niuhanyang', 'passwd': 'aA123456'}", "{'error_code': 0, 'login_info': {'login_time': '20190728114935', 'sign': 'b64f16ae57475c20ad264e0089da9dda', 'userId': 9786}}", '都通过啦', '通过'], ["{'username': '15373263193', 'passwd': '123456'}", "{'error_code': 3007, 'msg': '用户名/密码错误！'}", '都通过啦', '通过'], ["{'username': '18680123018', 'passwd': '123456'}", "{'error_code': 3007, 'msg': '用户名/密码错误！'}", 'key是error_code，运算的代码是3007 == 3006', '失败']]
2019-07-28 11:49:35,568 - /Users/nhy/PycharmProjects/cnz/day9/atp/lib/util.py[line:37] - DEBUG: 报告生成完成，文件名是/Users/nhy/PycharmProjects/cnz/day9/atp/report/20190728114935_test-处女座测试用例2.xls
2019-07-28 11:49:35,568 - /Users/nhy/PycharmProjects/cnz/day9/atp/lib/util.py[line:42] - DEBUG: 开始发送邮件
2019-07-28 11:49:48,480 - /Users/nhy/PycharmProjects/cnz/day9/atp/lib/util.py[line:62] - INFO: 发送邮件成功
2019-07-28 11:49:48,485 - start.py[line:44] - DEBUG: 运行完成
